
======================================================================
Pushgateway Stress Test — Scenario C0
======================================================================
Endpoint:        http://10.96.230.201:9091
Nodes:           10
Interval:        60s
Duration:        300s (5 min)
Jitter:          5.0s (ON)
Max in-flight:   500
Jobs filter:     node+cluster
Pod multiplier:  1x

Jobs per cycle:
  [node-level]    amd-gpu-exporter × 10 nodes = 10 pushes
  [node-level]    node-exporter × 10 nodes = 10 pushes
  [node-level]    oci_lens_node_metrics × 10 nodes = 10 pushes
  [node-level]    oci_lens_drhpc_metrics × 10 nodes = 10 pushes
  [cluster-level] oci_lens_pod_metrics × 1 = 1 push
  Total: 41 pushes/cycle

Loading payloads...
  Loaded amd-gpu-exporter: sample-amd-gpu-payload.txt (766.1 KB)
  Loaded node-exporter: sample-node-exporter-payload.txt (569.9 KB)
  Loaded oci_lens_node_metrics: payload-oci-lens-node.txt (24.9 KB)
  Loaded oci_lens_drhpc_metrics: payload-oci-lens-drhpc.txt (14.6 KB)
  Loaded oci_lens_pod_metrics: payload-oci-lens-pod.txt (20.2 KB)

Starting test: 5 cycles × 41 pushes = 205 total pushes
======================================================================

  Cycle    1 |    41 pushes | 41 ok / 0 err | p50=  189.0ms p95=  719.4ms max=  960.9ms | cycle_time=5.7s | OK
         /metrics probe: 17681 KB in 407ms
  Cycle    2 |    41 pushes | 41 ok / 0 err | p50= 1690.2ms p95= 2506.9ms max= 2643.8ms | cycle_time=7.6s | OK
  Cycle    3 |    41 pushes | 41 ok / 0 err | p50= 1428.9ms p95= 2928.0ms max= 3033.8ms | cycle_time=7.8s | OK
  Cycle    4 |    41 pushes | 41 ok / 0 err | p50= 1759.3ms p95= 2450.0ms max= 2788.5ms | cycle_time=7.8s | OK
  Cycle    5 |    41 pushes | 41 ok / 0 err | p50= 1550.6ms p95= 2761.9ms max= 2862.7ms | cycle_time=7.8s | OK
         /metrics probe: 17681 KB in 433ms

==========================================================================================
FINAL REPORT — Scenario C0
==========================================================================================
Endpoint:       http://10.96.230.201:9091
Nodes:          10
Total duration: 248.7s (4.1 min)
Total pushes:   205

--- Per-Job Summary ---
Job                              Total      OK    Fail    Rate    p50ms    p95ms    p99ms    MaxMs
--------------------------------------------------------------------------------------------------------------
amd-gpu-exporter                    50      50       0  100.0%   1343.6   2829.3   2914.3   2928.0
node-exporter                       50      50       0  100.0%   1478.6   2819.2   2867.5   2890.1
oci_lens_drhpc_metrics              50      50       0  100.0%   1291.9   2566.4   2890.7   2973.1
oci_lens_node_metrics               50      50       0  100.0%   1126.9   2575.9   2865.6   3033.8
oci_lens_pod_metrics                 5       5       0  100.0%    188.1   2073.3   2160.2   2181.9
--------------------------------------------------------------------------------------------------------------
TOTAL                              205     205       0  100.0%   1322.6   2783.2   2926.8   3033.8

--- HTTP Status Codes ---
  200: 205

--- /metrics Endpoint Probe ---
 Cycle        Bytes    Time_ms   Status
     1     17.27 MB      407.5      200
     5     17.27 MB      432.6      200

  /metrics size growth: 17681 KB → 17681 KB (1.00x)

==========================================================================================

Results written to: /opt/stress-test/results/C0/
  C0_pushes.csv  — per-push detail
  C0_probes.csv  — /metrics endpoint probes
  C0_summary.txt — this summary
